Using pre-set license
Built from '2020.2/release' branch; Version is '2020.2.1f1 (270dd8c3da1c) revision 2559448'; Using compiler version '192528614'; Build Type 'Release'
OS: 'Windows 10  (10.0.0) 64bit' Language: 'ru' Physical Memory: 3785 MB
BatchMode: 1, IsHumanControllingUs: 0, StartBugReporterOnCrash: 0, Is64bit: 1, IsPro: 0

 COMMAND LINE ARGUMENTS:
C:\Program Files\Unity\Hub\Editor\2020.2.1f1\Editor\Unity.exe
-adb2
-batchMode
-noUpm
-name
AssetImportWorker0
-projectPath
C:/Unity/Projects/Muddy2D
-logFile
Logs/AssetImportWorker0.log
-srvPort
32630
Successfully changed project path to: C:/Unity/Projects/Muddy2D
C:/Unity/Projects/Muddy2D
Using Asset Import Pipeline V2.
Refreshing native plugins compatible for Editor in 89.62 ms, found 1 plugins.
Preloading 0 native plugins for Editor in 0.00 ms.
Initialize engine version: 2020.2.1f1 (270dd8c3da1c)
[Subsystems] Discovering subsystems at path C:/Program Files/Unity/Hub/Editor/2020.2.1f1/Editor/Data/Resources/UnitySubsystems
[Subsystems] Discovering subsystems at path C:/Unity/Projects/Muddy2D/Assets
GfxDevice: creating device client; threaded=0
Direct3D:
    Version:  Direct3D 11.0 [level 11.1]
    Renderer: Intel(R) HD Graphics 630 (ID=0x5912)
    Vendor:   
    VRAM:     1892 MB
    Driver:   27.20.100.8682
Initialize mono
Mono path[0] = 'C:/Program Files/Unity/Hub/Editor/2020.2.1f1/Editor/Data/Managed'
Mono path[1] = 'C:/Program Files/Unity/Hub/Editor/2020.2.1f1/Editor/Data/MonoBleedingEdge/lib/mono/unityjit'
Mono config path = 'C:/Program Files/Unity/Hub/Editor/2020.2.1f1/Editor/Data/MonoBleedingEdge/etc'
Using monoOptions --debugger-agent=transport=dt_socket,embedding=1,server=y,suspend=n,address=127.0.0.1:56716
Begin MonoManager ReloadAssembly
Registering precompiled unity dll's ...
Register platform support module: C:/Program Files/Unity/Hub/Editor/2020.2.1f1/Editor/Data/PlaybackEngines/WebGLSupport/UnityEditor.WebGL.Extensions.dll
Register platform support module: C:/Program Files/Unity/Hub/Editor/2020.2.1f1/Editor/Data/PlaybackEngines/WindowsStandaloneSupport/UnityEditor.WindowsStandalone.Extensions.dll
Registered in 0.008434 seconds.
Native extension for WindowsStandalone target not found
Native extension for WebGL target not found
Refreshing native plugins compatible for Editor in 53.60 ms, found 1 plugins.
Preloading 0 native plugins for Editor in 0.00 ms.
Invoked RoslynAnalysisRunner static constructor.
RoslynAnalysisRunner will not be running.
RoslynAnalysisRunner has terminated.
Mono: successfully reloaded assembly
- Completed reload, in  5.274 seconds
Platform modules already initialized, skipping
Registering precompiled user dll's ...
Registered in 0.007447 seconds.
Begin MonoManager ReloadAssembly
Native extension for WindowsStandalone target not found
Native extension for WebGL target not found
Refreshing native plugins compatible for Editor in 47.91 ms, found 1 plugins.
Preloading 0 native plugins for Editor in 0.00 ms.
Invoked RoslynAnalysisRunner static constructor.
RoslynAnalysisRunner will not be running.
RoslynAnalysisRunner has terminated.
Mono: successfully reloaded assembly
- Completed reload, in  1.630 seconds
Platform modules already initialized, skipping
========================================================================
Worker process is ready to serve import requests
Launched and connected shader compiler UnityShaderCompiler.exe after 0.08 seconds
Refreshing native plugins compatible for Editor in 0.83 ms, found 1 plugins.
Preloading 0 native plugins for Editor in 0.00 ms.
Unloading 1794 Unused Serialized files (Serialized files now loaded: 0)
System memory in use before: 83.9 MB.
System memory in use after: 83.8 MB.

Unloading 24 unused Assets to reduce memory usage. Loaded Objects now: 2235.
Total: 36.665200 ms (FindLiveObjects: 2.087500 ms CreateObjectMapping: 1.178300 ms MarkObjects: 26.408600 ms  DeleteObjects: 6.954300 ms)

========================================================================
Received Import Request.
  path: Assets/Scripts/GameOverUI.cs
  artifactKey: Guid(149845f01e5eb9944a50475ff33e4f24) Importer(815301076,1909f56bfc062723c751e8b465ee728b)
Start importing Assets/Scripts/GameOverUI.cs using Guid(149845f01e5eb9944a50475ff33e4f24) Importer(815301076,1909f56bfc062723c751e8b465ee728b)  -> (artifact id: 'a75ae57d1c11e9f2bb224abb748274ef') in 0.131536 seconds
  Import took 0.151546 seconds .

========================================================================
Received Prepare
Registering precompiled user dll's ...
Registered in 0.012351 seconds.
Begin MonoManager ReloadAssembly
Native extension for WindowsStandalone target not found
Native extension for WebGL target not found
Refreshing native plugins compatible for Editor in 1.02 ms, found 1 plugins.
Preloading 0 native plugins for Editor in 0.00 ms.
Invoked RoslynAnalysisRunner static constructor.
RoslynAnalysisRunner will not be running.
RoslynAnalysisRunner has terminated.
Mono: successfully reloaded assembly
- Completed reload, in  2.320 seconds
Platform modules already initialized, skipping
Refreshing native plugins compatible for Editor in 0.36 ms, found 1 plugins.
Preloading 0 native plugins for Editor in 0.00 ms.
Unloading 1789 Unused Serialized files (Serialized files now loaded: 0)
System memory in use before: 83.9 MB.
System memory in use after: 83.9 MB.

Unloading 12 unused Assets to reduce memory usage. Loaded Objects now: 2238.
Total: 13.644500 ms (FindLiveObjects: 0.689800 ms CreateObjectMapping: 0.106700 ms MarkObjects: 12.004900 ms  DeleteObjects: 0.841500 ms)

========================================================================
Received Import Request.
  Time since last request: 124.159447 seconds.
  path: Assets/Prefabs/Stone.prefab
  artifactKey: Guid(0417e87157f5d03448a81415bcc54443) Importer(815301076,1909f56bfc062723c751e8b465ee728b)
Start importing Assets/Prefabs/Stone.prefab using Guid(0417e87157f5d03448a81415bcc54443) Importer(815301076,1909f56bfc062723c751e8b465ee728b)  -> (artifact id: '66fa984d8f75ba35f03f20ffffb63212') in 0.384993 seconds
  Import took 0.393510 seconds .

========================================================================
Received Prepare
Registering precompiled user dll's ...
Registered in 0.002066 seconds.
Begin MonoManager ReloadAssembly
Native extension for WindowsStandalone target not found
Native extension for WebGL target not found
Refreshing native plugins compatible for Editor in 0.42 ms, found 1 plugins.
Preloading 0 native plugins for Editor in 0.00 ms.
Invoked RoslynAnalysisRunner static constructor.
RoslynAnalysisRunner will not be running.
RoslynAnalysisRunner has terminated.
Mono: successfully reloaded assembly
- Completed reload, in  1.069 seconds
Platform modules already initialized, skipping
Refreshing native plugins compatible for Editor in 0.45 ms, found 1 plugins.
Preloading 0 native plugins for Editor in 0.00 ms.
Unloading 1789 Unused Serialized files (Serialized files now loaded: 0)
System memory in use before: 87.1 MB.
System memory in use after: 87.1 MB.

Unloading 12 unused Assets to reduce memory usage. Loaded Objects now: 2248.
Total: 2.280000 ms (FindLiveObjects: 0.218100 ms CreateObjectMapping: 0.077100 ms MarkObjects: 1.894800 ms  DeleteObjects: 0.089100 ms)

